<?xml version="1.0" encoding="UTF-8"?>
<!-- Generated by org.testng.reporters.JUnitReportReporter -->
<testsuite hostname="HARSHAD-PC" failures="0" tests="1" name="BaseLayer.BaseClass" time="6.131" errors="0" timestamp="2023-04-08T10:16:30 IST" skipped="0">
  <testcase classname="BaseLayer.BaseClass" name="initialization" time="6.131"/>
  <system-out/>
</testsuite> <!-- BaseLayer.BaseClass -->
